[0.211s] DEBUG:colcon:Command line arguments: ['/usr/bin/colcon', 'build', '--symlink-install']
[0.211s] DEBUG:colcon:Parsed command line arguments: Namespace(log_base=None, log_level=None, verb_name='build', build_base='build', install_base='install', merge_install=False, symlink_install=True, test_result_base=None, continue_on_error=False, executor='parallel', parallel_workers=16, event_handlers=None, ignore_user_meta=False, metas=['./colcon.meta'], base_paths=['.'], packages_ignore=None, packages_ignore_regex=None, paths=None, packages_up_to=None, packages_up_to_regex=None, packages_above=None, packages_above_and_dependencies=None, packages_above_depth=None, packages_select_by_dep=None, packages_skip_by_dep=None, packages_skip_up_to=None, packages_select_build_failed=False, packages_skip_build_finished=False, packages_select_test_failures=False, packages_skip_test_passed=False, packages_select=None, packages_skip=None, packages_select_regex=None, packages_skip_regex=None, packages_start=None, packages_end=None, allow_overriding=[], cmake_args=None, cmake_target=None, cmake_target_skip_unavailable=False, cmake_clean_cache=False, cmake_clean_first=False, cmake_force_configure=False, ament_cmake_args=None, catkin_cmake_args=None, catkin_skip_building_tests=False, verb_parser=<colcon_defaults.argument_parser.defaults.DefaultArgumentsDecorator object at 0x7eea86281ac0>, verb_extension=<colcon_core.verb.build.BuildVerb object at 0x7eea86281370>, main=<bound method BuildVerb.main of <colcon_core.verb.build.BuildVerb object at 0x7eea86281370>>)
[0.294s] Level 1:colcon.colcon_core.package_discovery:discover_packages(colcon_meta) check parameters
[0.294s] Level 1:colcon.colcon_core.package_discovery:discover_packages(recursive) check parameters
[0.294s] Level 1:colcon.colcon_core.package_discovery:discover_packages(ignore) check parameters
[0.294s] Level 1:colcon.colcon_core.package_discovery:discover_packages(path) check parameters
[0.294s] Level 1:colcon.colcon_core.package_discovery:discover_packages(colcon_meta) discover
[0.294s] Level 1:colcon.colcon_core.package_discovery:discover_packages(recursive) discover
[0.294s] INFO:colcon.colcon_core.package_discovery:Crawling recursively for packages in '/home/parichu/mqtt_test'
[0.295s] Level 1:colcon.colcon_core.package_identification:_identify(.) by extensions ['ignore', 'ignore_ament_install']
[0.295s] Level 1:colcon.colcon_core.package_identification:_identify(.) by extension 'ignore'
[0.295s] Level 1:colcon.colcon_core.package_identification:_identify(.) by extension 'ignore_ament_install'
[0.295s] Level 1:colcon.colcon_core.package_identification:_identify(.) by extensions ['colcon_pkg']
[0.295s] Level 1:colcon.colcon_core.package_identification:_identify(.) by extension 'colcon_pkg'
[0.295s] Level 1:colcon.colcon_core.package_identification:_identify(.) by extensions ['colcon_meta']
[0.295s] Level 1:colcon.colcon_core.package_identification:_identify(.) by extension 'colcon_meta'
[0.295s] Level 1:colcon.colcon_core.package_identification:_identify(.) by extensions ['ros']
[0.295s] Level 1:colcon.colcon_core.package_identification:_identify(.) by extension 'ros'
[0.344s] Level 1:colcon.colcon_core.package_identification:_identify(.) by extensions ['cmake', 'python']
[0.344s] Level 1:colcon.colcon_core.package_identification:_identify(.) by extension 'cmake'
[0.344s] Level 1:colcon.colcon_core.package_identification:_identify(.) by extension 'python'
[0.344s] Level 1:colcon.colcon_core.package_identification:_identify(.) by extensions ['python_setup_py']
[0.344s] Level 1:colcon.colcon_core.package_identification:_identify(.) by extension 'python_setup_py'
[0.344s] Level 1:colcon.colcon_core.package_identification:_identify(build) by extensions ['ignore', 'ignore_ament_install']
[0.344s] Level 1:colcon.colcon_core.package_identification:_identify(build) by extension 'ignore'
[0.345s] Level 1:colcon.colcon_core.package_identification:_identify(build) ignored
[0.345s] Level 1:colcon.colcon_core.package_identification:_identify(install) by extensions ['ignore', 'ignore_ament_install']
[0.345s] Level 1:colcon.colcon_core.package_identification:_identify(install) by extension 'ignore'
[0.345s] Level 1:colcon.colcon_core.package_identification:_identify(install) ignored
[0.345s] Level 1:colcon.colcon_core.package_identification:_identify(log) by extensions ['ignore', 'ignore_ament_install']
[0.345s] Level 1:colcon.colcon_core.package_identification:_identify(log) by extension 'ignore'
[0.345s] Level 1:colcon.colcon_core.package_identification:_identify(log) ignored
[0.345s] Level 1:colcon.colcon_core.package_identification:_identify(src) by extensions ['ignore', 'ignore_ament_install']
[0.345s] Level 1:colcon.colcon_core.package_identification:_identify(src) by extension 'ignore'
[0.346s] Level 1:colcon.colcon_core.package_identification:_identify(src) by extension 'ignore_ament_install'
[0.346s] Level 1:colcon.colcon_core.package_identification:_identify(src) by extensions ['colcon_pkg']
[0.346s] Level 1:colcon.colcon_core.package_identification:_identify(src) by extension 'colcon_pkg'
[0.346s] Level 1:colcon.colcon_core.package_identification:_identify(src) by extensions ['colcon_meta']
[0.346s] Level 1:colcon.colcon_core.package_identification:_identify(src) by extension 'colcon_meta'
[0.346s] Level 1:colcon.colcon_core.package_identification:_identify(src) by extensions ['ros']
[0.346s] Level 1:colcon.colcon_core.package_identification:_identify(src) by extension 'ros'
[0.346s] Level 1:colcon.colcon_core.package_identification:_identify(src) by extensions ['cmake', 'python']
[0.346s] Level 1:colcon.colcon_core.package_identification:_identify(src) by extension 'cmake'
[0.346s] Level 1:colcon.colcon_core.package_identification:_identify(src) by extension 'python'
[0.346s] Level 1:colcon.colcon_core.package_identification:_identify(src) by extensions ['python_setup_py']
[0.346s] Level 1:colcon.colcon_core.package_identification:_identify(src) by extension 'python_setup_py'
[0.346s] Level 1:colcon.colcon_core.package_identification:_identify(src/mqtt_test) by extensions ['ignore', 'ignore_ament_install']
[0.346s] Level 1:colcon.colcon_core.package_identification:_identify(src/mqtt_test) by extension 'ignore'
[0.347s] Level 1:colcon.colcon_core.package_identification:_identify(src/mqtt_test) by extension 'ignore_ament_install'
[0.347s] Level 1:colcon.colcon_core.package_identification:_identify(src/mqtt_test) by extensions ['colcon_pkg']
[0.347s] Level 1:colcon.colcon_core.package_identification:_identify(src/mqtt_test) by extension 'colcon_pkg'
[0.347s] Level 1:colcon.colcon_core.package_identification:_identify(src/mqtt_test) by extensions ['colcon_meta']
[0.347s] Level 1:colcon.colcon_core.package_identification:_identify(src/mqtt_test) by extension 'colcon_meta'
[0.347s] Level 1:colcon.colcon_core.package_identification:_identify(src/mqtt_test) by extensions ['ros']
[0.347s] Level 1:colcon.colcon_core.package_identification:_identify(src/mqtt_test) by extension 'ros'
[0.353s] DEBUG:colcon.colcon_core.package_identification:Package 'src/mqtt_test' with type 'ros.ament_python' and name 'mqtt_test'
[0.353s] Level 1:colcon.colcon_core.package_discovery:discover_packages(recursive) using defaults
[0.353s] Level 1:colcon.colcon_core.package_discovery:discover_packages(ignore) discover
[0.353s] Level 1:colcon.colcon_core.package_discovery:discover_packages(ignore) using defaults
[0.353s] Level 1:colcon.colcon_core.package_discovery:discover_packages(path) discover
[0.353s] Level 1:colcon.colcon_core.package_discovery:discover_packages(path) using defaults
[0.389s] Level 1:colcon.colcon_core.package_discovery:discover_packages(prefix_path) check parameters
[0.389s] Level 1:colcon.colcon_core.package_discovery:discover_packages(prefix_path) discover
[0.395s] DEBUG:colcon.colcon_installed_package_information.package_discovery:Found 380 installed packages in /opt/ros/jazzy
[0.397s] Level 1:colcon.colcon_core.package_discovery:discover_packages(prefix_path) using defaults
[0.474s] Level 5:colcon.colcon_core.verb:set package 'mqtt_test' build argument 'cmake_args' from command line to 'None'
[0.475s] Level 5:colcon.colcon_core.verb:set package 'mqtt_test' build argument 'cmake_target' from command line to 'None'
[0.475s] Level 5:colcon.colcon_core.verb:set package 'mqtt_test' build argument 'cmake_target_skip_unavailable' from command line to 'False'
[0.475s] Level 5:colcon.colcon_core.verb:set package 'mqtt_test' build argument 'cmake_clean_cache' from command line to 'False'
[0.475s] Level 5:colcon.colcon_core.verb:set package 'mqtt_test' build argument 'cmake_clean_first' from command line to 'False'
[0.475s] Level 5:colcon.colcon_core.verb:set package 'mqtt_test' build argument 'cmake_force_configure' from command line to 'False'
[0.475s] Level 5:colcon.colcon_core.verb:set package 'mqtt_test' build argument 'ament_cmake_args' from command line to 'None'
[0.475s] Level 5:colcon.colcon_core.verb:set package 'mqtt_test' build argument 'catkin_cmake_args' from command line to 'None'
[0.475s] Level 5:colcon.colcon_core.verb:set package 'mqtt_test' build argument 'catkin_skip_building_tests' from command line to 'False'
[0.475s] DEBUG:colcon.colcon_core.verb:Building package 'mqtt_test' with the following arguments: {'ament_cmake_args': None, 'build_base': '/home/parichu/mqtt_test/build/mqtt_test', 'catkin_cmake_args': None, 'catkin_skip_building_tests': False, 'cmake_args': None, 'cmake_clean_cache': False, 'cmake_clean_first': False, 'cmake_force_configure': False, 'cmake_target': None, 'cmake_target_skip_unavailable': False, 'install_base': '/home/parichu/mqtt_test/install/mqtt_test', 'merge_install': False, 'path': '/home/parichu/mqtt_test/src/mqtt_test', 'symlink_install': True, 'test_result_base': None}
[0.475s] INFO:colcon.colcon_core.executor:Executing jobs using 'parallel' executor
[0.478s] DEBUG:colcon.colcon_parallel_executor.executor.parallel:run_until_complete
[0.478s] INFO:colcon.colcon_ros.task.ament_python.build:Building ROS package in '/home/parichu/mqtt_test/src/mqtt_test' with build type 'ament_python'
[0.478s] Level 1:colcon.colcon_core.shell:create_environment_hook('mqtt_test', 'ament_prefix_path')
[0.483s] INFO:colcon.colcon_core.plugin_system:Skipping extension 'colcon_core.shell.bat': Not used on non-Windows systems
[0.484s] INFO:colcon.colcon_core.shell:Creating environment hook '/home/parichu/mqtt_test/install/mqtt_test/share/mqtt_test/hook/ament_prefix_path.ps1'
[0.485s] INFO:colcon.colcon_core.shell:Creating environment descriptor '/home/parichu/mqtt_test/install/mqtt_test/share/mqtt_test/hook/ament_prefix_path.dsv'
[0.486s] INFO:colcon.colcon_core.shell:Creating environment hook '/home/parichu/mqtt_test/install/mqtt_test/share/mqtt_test/hook/ament_prefix_path.sh'
[0.487s] INFO:colcon.colcon_core.shell:Skip shell extension 'powershell' for command environment: Not usable outside of PowerShell
[0.487s] DEBUG:colcon.colcon_core.shell:Skip shell extension 'dsv' for command environment
[0.874s] INFO:colcon.colcon_core.task.python.build:Building Python package in '/home/parichu/mqtt_test/src/mqtt_test'
[0.874s] INFO:colcon.colcon_core.shell:Skip shell extension 'powershell' for command environment: Not usable outside of PowerShell
[0.875s] DEBUG:colcon.colcon_core.shell:Skip shell extension 'dsv' for command environment
[1.988s] DEBUG:colcon.colcon_core.event_handler.log_command:Invoking command in '/home/parichu/mqtt_test/build/mqtt_test': PYTHONPATH=/home/parichu/mqtt_test/build/mqtt_test/prefix_override:/usr/lib/python3/dist-packages/colcon_core/task/python/colcon_distutils_commands:/home/parichu/mqtt_test/install/mqtt_test/lib/python3.12/site-packages:${PYTHONPATH} /usr/bin/python3 -W ignore:setup.py install is deprecated -W ignore:easy_install command is deprecated setup.py develop --editable --build-directory /home/parichu/mqtt_test/build/mqtt_test/build --no-deps symlink_data
[3.068s] Level 1:colcon.colcon_core.shell:create_environment_hook('mqtt_test', 'pythonpath_develop')
[3.069s] INFO:colcon.colcon_core.shell:Creating environment hook '/home/parichu/mqtt_test/build/mqtt_test/share/mqtt_test/hook/pythonpath_develop.ps1'
[3.069s] DEBUG:colcon.colcon_core.event_handler.log_command:Invoked command in '/home/parichu/mqtt_test/build/mqtt_test' returned '0': PYTHONPATH=/home/parichu/mqtt_test/build/mqtt_test/prefix_override:/usr/lib/python3/dist-packages/colcon_core/task/python/colcon_distutils_commands:/home/parichu/mqtt_test/install/mqtt_test/lib/python3.12/site-packages:${PYTHONPATH} /usr/bin/python3 -W ignore:setup.py install is deprecated -W ignore:easy_install command is deprecated setup.py develop --editable --build-directory /home/parichu/mqtt_test/build/mqtt_test/build --no-deps symlink_data
[3.070s] INFO:colcon.colcon_core.shell:Creating environment descriptor '/home/parichu/mqtt_test/build/mqtt_test/share/mqtt_test/hook/pythonpath_develop.dsv'
[3.071s] INFO:colcon.colcon_core.shell:Creating environment hook '/home/parichu/mqtt_test/build/mqtt_test/share/mqtt_test/hook/pythonpath_develop.sh'
[3.076s] Level 1:colcon.colcon_core.environment:checking '/home/parichu/mqtt_test/install/mqtt_test' for CMake module files
[3.077s] Level 1:colcon.colcon_core.environment:checking '/home/parichu/mqtt_test/install/mqtt_test' for CMake config files
[3.078s] Level 1:colcon.colcon_core.environment:checking '/home/parichu/mqtt_test/install/mqtt_test/lib'
[3.078s] Level 1:colcon.colcon_core.environment:checking '/home/parichu/mqtt_test/install/mqtt_test/bin'
[3.078s] Level 1:colcon.colcon_core.environment:checking '/home/parichu/mqtt_test/install/mqtt_test/lib/pkgconfig/mqtt_test.pc'
[3.079s] Level 1:colcon.colcon_core.environment:checking '/home/parichu/mqtt_test/install/mqtt_test/lib/python3.12/site-packages'
[3.079s] Level 1:colcon.colcon_core.shell:create_environment_hook('mqtt_test', 'pythonpath')
[3.079s] INFO:colcon.colcon_core.shell:Creating environment hook '/home/parichu/mqtt_test/install/mqtt_test/share/mqtt_test/hook/pythonpath.ps1'
[3.080s] INFO:colcon.colcon_core.shell:Creating environment descriptor '/home/parichu/mqtt_test/install/mqtt_test/share/mqtt_test/hook/pythonpath.dsv'
[3.080s] INFO:colcon.colcon_core.shell:Creating environment hook '/home/parichu/mqtt_test/install/mqtt_test/share/mqtt_test/hook/pythonpath.sh'
[3.081s] Level 1:colcon.colcon_core.environment:checking '/home/parichu/mqtt_test/install/mqtt_test/bin'
[3.081s] Level 1:colcon.colcon_core.environment:create_environment_scripts_only(mqtt_test)
[3.082s] INFO:colcon.colcon_core.shell:Creating package script '/home/parichu/mqtt_test/install/mqtt_test/share/mqtt_test/package.ps1'
[3.083s] INFO:colcon.colcon_core.shell:Creating package descriptor '/home/parichu/mqtt_test/install/mqtt_test/share/mqtt_test/package.dsv'
[3.084s] INFO:colcon.colcon_core.shell:Creating package script '/home/parichu/mqtt_test/install/mqtt_test/share/mqtt_test/package.sh'
[3.085s] INFO:colcon.colcon_core.shell:Creating package script '/home/parichu/mqtt_test/install/mqtt_test/share/mqtt_test/package.bash'
[3.087s] INFO:colcon.colcon_core.shell:Creating package script '/home/parichu/mqtt_test/install/mqtt_test/share/mqtt_test/package.zsh'
[3.088s] Level 1:colcon.colcon_core.environment:create_file_with_runtime_dependencies(/home/parichu/mqtt_test/install/mqtt_test/share/colcon-core/packages/mqtt_test)
[3.088s] DEBUG:colcon.colcon_parallel_executor.executor.parallel:closing loop
[3.089s] DEBUG:colcon.colcon_parallel_executor.executor.parallel:loop closed
[3.089s] DEBUG:colcon.colcon_parallel_executor.executor.parallel:run_until_complete finished with '0'
[3.089s] DEBUG:colcon.colcon_core.event_reactor:joining thread
[3.098s] INFO:colcon.colcon_core.plugin_system:Skipping extension 'colcon_notification.desktop_notification.terminal_notifier': Not used on non-Darwin systems
[3.098s] INFO:colcon.colcon_core.plugin_system:Skipping extension 'colcon_notification.desktop_notification.win32': Not used on non-Windows systems
[3.098s] INFO:colcon.colcon_notification.desktop_notification:Sending desktop notification using 'notify2'
[3.118s] DEBUG:colcon.colcon_core.event_reactor:joined thread
[3.118s] INFO:colcon.colcon_core.shell:Creating prefix script '/home/parichu/mqtt_test/install/local_setup.ps1'
[3.120s] INFO:colcon.colcon_core.shell:Creating prefix util module '/home/parichu/mqtt_test/install/_local_setup_util_ps1.py'
[3.122s] INFO:colcon.colcon_core.shell:Creating prefix chain script '/home/parichu/mqtt_test/install/setup.ps1'
[3.123s] INFO:colcon.colcon_core.shell:Creating prefix script '/home/parichu/mqtt_test/install/local_setup.sh'
[3.124s] INFO:colcon.colcon_core.shell:Creating prefix util module '/home/parichu/mqtt_test/install/_local_setup_util_sh.py'
[3.125s] INFO:colcon.colcon_core.shell:Creating prefix chain script '/home/parichu/mqtt_test/install/setup.sh'
[3.126s] INFO:colcon.colcon_core.shell:Creating prefix script '/home/parichu/mqtt_test/install/local_setup.bash'
[3.127s] INFO:colcon.colcon_core.shell:Creating prefix chain script '/home/parichu/mqtt_test/install/setup.bash'
[3.128s] INFO:colcon.colcon_core.shell:Creating prefix script '/home/parichu/mqtt_test/install/local_setup.zsh'
[3.129s] INFO:colcon.colcon_core.shell:Creating prefix chain script '/home/parichu/mqtt_test/install/setup.zsh'
