[0.316s] DEBUG:colcon:Command line arguments: ['/usr/bin/colcon', 'build', '--symlink-install']
[0.316s] DEBUG:colcon:Parsed command line arguments: Namespace(log_base=None, log_level=None, verb_name='build', build_base='build', install_base='install', merge_install=False, symlink_install=True, test_result_base=None, continue_on_error=False, executor='parallel', parallel_workers=16, event_handlers=None, ignore_user_meta=False, metas=['./colcon.meta'], base_paths=['.'], packages_ignore=None, packages_ignore_regex=None, paths=None, packages_up_to=None, packages_up_to_regex=None, packages_above=None, packages_above_and_dependencies=None, packages_above_depth=None, packages_select_by_dep=None, packages_skip_by_dep=None, packages_skip_up_to=None, packages_select_build_failed=False, packages_skip_build_finished=False, packages_select_test_failures=False, packages_skip_test_passed=False, packages_select=None, packages_skip=None, packages_select_regex=None, packages_skip_regex=None, packages_start=None, packages_end=None, allow_overriding=[], cmake_args=None, cmake_target=None, cmake_target_skip_unavailable=False, cmake_clean_cache=False, cmake_clean_first=False, cmake_force_configure=False, ament_cmake_args=None, catkin_cmake_args=None, catkin_skip_building_tests=False, verb_parser=<colcon_defaults.argument_parser.defaults.DefaultArgumentsDecorator object at 0x75a08cc856d0>, verb_extension=<colcon_core.verb.build.BuildVerb object at 0x75a08d6d2d50>, main=<bound method BuildVerb.main of <colcon_core.verb.build.BuildVerb object at 0x75a08d6d2d50>>)
[0.437s] Level 1:colcon.colcon_core.package_discovery:discover_packages(colcon_meta) check parameters
[0.437s] Level 1:colcon.colcon_core.package_discovery:discover_packages(recursive) check parameters
[0.437s] Level 1:colcon.colcon_core.package_discovery:discover_packages(ignore) check parameters
[0.437s] Level 1:colcon.colcon_core.package_discovery:discover_packages(path) check parameters
[0.437s] Level 1:colcon.colcon_core.package_discovery:discover_packages(colcon_meta) discover
[0.437s] Level 1:colcon.colcon_core.package_discovery:discover_packages(recursive) discover
[0.438s] INFO:colcon.colcon_core.package_discovery:Crawling recursively for packages in '/home/parichu/mqtt_test'
[0.438s] Level 1:colcon.colcon_core.package_identification:_identify(.) by extensions ['ignore', 'ignore_ament_install']
[0.438s] Level 1:colcon.colcon_core.package_identification:_identify(.) by extension 'ignore'
[0.438s] Level 1:colcon.colcon_core.package_identification:_identify(.) by extension 'ignore_ament_install'
[0.439s] Level 1:colcon.colcon_core.package_identification:_identify(.) by extensions ['colcon_pkg']
[0.439s] Level 1:colcon.colcon_core.package_identification:_identify(.) by extension 'colcon_pkg'
[0.439s] Level 1:colcon.colcon_core.package_identification:_identify(.) by extensions ['colcon_meta']
[0.439s] Level 1:colcon.colcon_core.package_identification:_identify(.) by extension 'colcon_meta'
[0.439s] Level 1:colcon.colcon_core.package_identification:_identify(.) by extensions ['ros']
[0.439s] Level 1:colcon.colcon_core.package_identification:_identify(.) by extension 'ros'
[0.522s] Level 1:colcon.colcon_core.package_identification:_identify(.) by extensions ['cmake', 'python']
[0.522s] Level 1:colcon.colcon_core.package_identification:_identify(.) by extension 'cmake'
[0.522s] Level 1:colcon.colcon_core.package_identification:_identify(.) by extension 'python'
[0.522s] Level 1:colcon.colcon_core.package_identification:_identify(.) by extensions ['python_setup_py']
[0.522s] Level 1:colcon.colcon_core.package_identification:_identify(.) by extension 'python_setup_py'
[0.523s] Level 1:colcon.colcon_core.package_identification:_identify(build) by extensions ['ignore', 'ignore_ament_install']
[0.523s] Level 1:colcon.colcon_core.package_identification:_identify(build) by extension 'ignore'
[0.523s] Level 1:colcon.colcon_core.package_identification:_identify(build) ignored
[0.523s] Level 1:colcon.colcon_core.package_identification:_identify(install) by extensions ['ignore', 'ignore_ament_install']
[0.524s] Level 1:colcon.colcon_core.package_identification:_identify(install) by extension 'ignore'
[0.524s] Level 1:colcon.colcon_core.package_identification:_identify(install) ignored
[0.524s] Level 1:colcon.colcon_core.package_identification:_identify(log) by extensions ['ignore', 'ignore_ament_install']
[0.524s] Level 1:colcon.colcon_core.package_identification:_identify(log) by extension 'ignore'
[0.525s] Level 1:colcon.colcon_core.package_identification:_identify(log) ignored
[0.525s] Level 1:colcon.colcon_core.package_identification:_identify(src) by extensions ['ignore', 'ignore_ament_install']
[0.525s] Level 1:colcon.colcon_core.package_identification:_identify(src) by extension 'ignore'
[0.525s] Level 1:colcon.colcon_core.package_identification:_identify(src) by extension 'ignore_ament_install'
[0.525s] Level 1:colcon.colcon_core.package_identification:_identify(src) by extensions ['colcon_pkg']
[0.525s] Level 1:colcon.colcon_core.package_identification:_identify(src) by extension 'colcon_pkg'
[0.525s] Level 1:colcon.colcon_core.package_identification:_identify(src) by extensions ['colcon_meta']
[0.526s] Level 1:colcon.colcon_core.package_identification:_identify(src) by extension 'colcon_meta'
[0.526s] Level 1:colcon.colcon_core.package_identification:_identify(src) by extensions ['ros']
[0.526s] Level 1:colcon.colcon_core.package_identification:_identify(src) by extension 'ros'
[0.526s] Level 1:colcon.colcon_core.package_identification:_identify(src) by extensions ['cmake', 'python']
[0.526s] Level 1:colcon.colcon_core.package_identification:_identify(src) by extension 'cmake'
[0.526s] Level 1:colcon.colcon_core.package_identification:_identify(src) by extension 'python'
[0.526s] Level 1:colcon.colcon_core.package_identification:_identify(src) by extensions ['python_setup_py']
[0.526s] Level 1:colcon.colcon_core.package_identification:_identify(src) by extension 'python_setup_py'
[0.526s] Level 1:colcon.colcon_core.package_identification:_identify(src/mqtt_test) by extensions ['ignore', 'ignore_ament_install']
[0.527s] Level 1:colcon.colcon_core.package_identification:_identify(src/mqtt_test) by extension 'ignore'
[0.527s] Level 1:colcon.colcon_core.package_identification:_identify(src/mqtt_test) by extension 'ignore_ament_install'
[0.527s] Level 1:colcon.colcon_core.package_identification:_identify(src/mqtt_test) by extensions ['colcon_pkg']
[0.527s] Level 1:colcon.colcon_core.package_identification:_identify(src/mqtt_test) by extension 'colcon_pkg'
[0.527s] Level 1:colcon.colcon_core.package_identification:_identify(src/mqtt_test) by extensions ['colcon_meta']
[0.527s] Level 1:colcon.colcon_core.package_identification:_identify(src/mqtt_test) by extension 'colcon_meta'
[0.527s] Level 1:colcon.colcon_core.package_identification:_identify(src/mqtt_test) by extensions ['ros']
[0.527s] Level 1:colcon.colcon_core.package_identification:_identify(src/mqtt_test) by extension 'ros'
[0.535s] DEBUG:colcon.colcon_core.package_identification:Package 'src/mqtt_test' with type 'ros.ament_python' and name 'mqtt_test'
[0.535s] Level 1:colcon.colcon_core.package_discovery:discover_packages(recursive) using defaults
[0.535s] Level 1:colcon.colcon_core.package_discovery:discover_packages(ignore) discover
[0.535s] Level 1:colcon.colcon_core.package_discovery:discover_packages(ignore) using defaults
[0.536s] Level 1:colcon.colcon_core.package_discovery:discover_packages(path) discover
[0.536s] Level 1:colcon.colcon_core.package_discovery:discover_packages(path) using defaults
[0.591s] Level 1:colcon.colcon_core.package_discovery:discover_packages(prefix_path) check parameters
[0.591s] Level 1:colcon.colcon_core.package_discovery:discover_packages(prefix_path) discover
[0.600s] DEBUG:colcon.colcon_installed_package_information.package_discovery:Found 380 installed packages in /opt/ros/jazzy
[0.603s] Level 1:colcon.colcon_core.package_discovery:discover_packages(prefix_path) using defaults
[0.739s] Level 5:colcon.colcon_core.verb:set package 'mqtt_test' build argument 'cmake_args' from command line to 'None'
[0.739s] Level 5:colcon.colcon_core.verb:set package 'mqtt_test' build argument 'cmake_target' from command line to 'None'
[0.739s] Level 5:colcon.colcon_core.verb:set package 'mqtt_test' build argument 'cmake_target_skip_unavailable' from command line to 'False'
[0.739s] Level 5:colcon.colcon_core.verb:set package 'mqtt_test' build argument 'cmake_clean_cache' from command line to 'False'
[0.739s] Level 5:colcon.colcon_core.verb:set package 'mqtt_test' build argument 'cmake_clean_first' from command line to 'False'
[0.739s] Level 5:colcon.colcon_core.verb:set package 'mqtt_test' build argument 'cmake_force_configure' from command line to 'False'
[0.739s] Level 5:colcon.colcon_core.verb:set package 'mqtt_test' build argument 'ament_cmake_args' from command line to 'None'
[0.739s] Level 5:colcon.colcon_core.verb:set package 'mqtt_test' build argument 'catkin_cmake_args' from command line to 'None'
[0.739s] Level 5:colcon.colcon_core.verb:set package 'mqtt_test' build argument 'catkin_skip_building_tests' from command line to 'False'
[0.740s] DEBUG:colcon.colcon_core.verb:Building package 'mqtt_test' with the following arguments: {'ament_cmake_args': None, 'build_base': '/home/parichu/mqtt_test/build/mqtt_test', 'catkin_cmake_args': None, 'catkin_skip_building_tests': False, 'cmake_args': None, 'cmake_clean_cache': False, 'cmake_clean_first': False, 'cmake_force_configure': False, 'cmake_target': None, 'cmake_target_skip_unavailable': False, 'install_base': '/home/parichu/mqtt_test/install/mqtt_test', 'merge_install': False, 'path': '/home/parichu/mqtt_test/src/mqtt_test', 'symlink_install': True, 'test_result_base': None}
[0.740s] INFO:colcon.colcon_core.executor:Executing jobs using 'parallel' executor
[0.742s] DEBUG:colcon.colcon_parallel_executor.executor.parallel:run_until_complete
[0.743s] INFO:colcon.colcon_ros.task.ament_python.build:Building ROS package in '/home/parichu/mqtt_test/src/mqtt_test' with build type 'ament_python'
[0.743s] Level 1:colcon.colcon_core.shell:create_environment_hook('mqtt_test', 'ament_prefix_path')
[0.748s] INFO:colcon.colcon_core.plugin_system:Skipping extension 'colcon_core.shell.bat': Not used on non-Windows systems
[0.749s] INFO:colcon.colcon_core.shell:Creating environment hook '/home/parichu/mqtt_test/install/mqtt_test/share/mqtt_test/hook/ament_prefix_path.ps1'
[0.751s] INFO:colcon.colcon_core.shell:Creating environment descriptor '/home/parichu/mqtt_test/install/mqtt_test/share/mqtt_test/hook/ament_prefix_path.dsv'
[0.752s] INFO:colcon.colcon_core.shell:Creating environment hook '/home/parichu/mqtt_test/install/mqtt_test/share/mqtt_test/hook/ament_prefix_path.sh'
[0.753s] INFO:colcon.colcon_core.shell:Skip shell extension 'powershell' for command environment: Not usable outside of PowerShell
[0.754s] DEBUG:colcon.colcon_core.shell:Skip shell extension 'dsv' for command environment
[1.407s] INFO:colcon.colcon_core.task.python.build:Building Python package in '/home/parichu/mqtt_test/src/mqtt_test'
[1.408s] INFO:colcon.colcon_core.shell:Skip shell extension 'powershell' for command environment: Not usable outside of PowerShell
[1.408s] DEBUG:colcon.colcon_core.shell:Skip shell extension 'dsv' for command environment
[3.118s] DEBUG:colcon.colcon_core.event_handler.log_command:Invoking command in '/home/parichu/mqtt_test/build/mqtt_test': PYTHONPATH=/home/parichu/mqtt_test/build/mqtt_test/prefix_override:/usr/lib/python3/dist-packages/colcon_core/task/python/colcon_distutils_commands:/home/parichu/mqtt_test/install/mqtt_test/lib/python3.12/site-packages:${PYTHONPATH} /usr/bin/python3 -W ignore:setup.py install is deprecated -W ignore:easy_install command is deprecated setup.py develop --editable --build-directory /home/parichu/mqtt_test/build/mqtt_test/build --no-deps symlink_data
[4.983s] Level 1:colcon.colcon_core.shell:create_environment_hook('mqtt_test', 'pythonpath_develop')
[4.984s] INFO:colcon.colcon_core.shell:Creating environment hook '/home/parichu/mqtt_test/build/mqtt_test/share/mqtt_test/hook/pythonpath_develop.ps1'
[4.986s] DEBUG:colcon.colcon_core.event_handler.log_command:Invoked command in '/home/parichu/mqtt_test/build/mqtt_test' returned '0': PYTHONPATH=/home/parichu/mqtt_test/build/mqtt_test/prefix_override:/usr/lib/python3/dist-packages/colcon_core/task/python/colcon_distutils_commands:/home/parichu/mqtt_test/install/mqtt_test/lib/python3.12/site-packages:${PYTHONPATH} /usr/bin/python3 -W ignore:setup.py install is deprecated -W ignore:easy_install command is deprecated setup.py develop --editable --build-directory /home/parichu/mqtt_test/build/mqtt_test/build --no-deps symlink_data
[4.987s] INFO:colcon.colcon_core.shell:Creating environment descriptor '/home/parichu/mqtt_test/build/mqtt_test/share/mqtt_test/hook/pythonpath_develop.dsv'
[4.988s] INFO:colcon.colcon_core.shell:Creating environment hook '/home/parichu/mqtt_test/build/mqtt_test/share/mqtt_test/hook/pythonpath_develop.sh'
[4.994s] Level 1:colcon.colcon_core.environment:checking '/home/parichu/mqtt_test/install/mqtt_test' for CMake module files
[4.995s] Level 1:colcon.colcon_core.environment:checking '/home/parichu/mqtt_test/install/mqtt_test' for CMake config files
[4.997s] Level 1:colcon.colcon_core.environment:checking '/home/parichu/mqtt_test/install/mqtt_test/lib'
[4.997s] Level 1:colcon.colcon_core.environment:checking '/home/parichu/mqtt_test/install/mqtt_test/bin'
[4.998s] Level 1:colcon.colcon_core.environment:checking '/home/parichu/mqtt_test/install/mqtt_test/lib/pkgconfig/mqtt_test.pc'
[4.998s] Level 1:colcon.colcon_core.environment:checking '/home/parichu/mqtt_test/install/mqtt_test/lib/python3.12/site-packages'
[4.999s] Level 1:colcon.colcon_core.shell:create_environment_hook('mqtt_test', 'pythonpath')
[4.999s] INFO:colcon.colcon_core.shell:Creating environment hook '/home/parichu/mqtt_test/install/mqtt_test/share/mqtt_test/hook/pythonpath.ps1'
[5.000s] INFO:colcon.colcon_core.shell:Creating environment descriptor '/home/parichu/mqtt_test/install/mqtt_test/share/mqtt_test/hook/pythonpath.dsv'
[5.001s] INFO:colcon.colcon_core.shell:Creating environment hook '/home/parichu/mqtt_test/install/mqtt_test/share/mqtt_test/hook/pythonpath.sh'
[5.003s] Level 1:colcon.colcon_core.environment:checking '/home/parichu/mqtt_test/install/mqtt_test/bin'
[5.003s] Level 1:colcon.colcon_core.environment:create_environment_scripts_only(mqtt_test)
[5.004s] INFO:colcon.colcon_core.shell:Creating package script '/home/parichu/mqtt_test/install/mqtt_test/share/mqtt_test/package.ps1'
[5.006s] INFO:colcon.colcon_core.shell:Creating package descriptor '/home/parichu/mqtt_test/install/mqtt_test/share/mqtt_test/package.dsv'
[5.008s] INFO:colcon.colcon_core.shell:Creating package script '/home/parichu/mqtt_test/install/mqtt_test/share/mqtt_test/package.sh'
[5.009s] INFO:colcon.colcon_core.shell:Creating package script '/home/parichu/mqtt_test/install/mqtt_test/share/mqtt_test/package.bash'
[5.011s] INFO:colcon.colcon_core.shell:Creating package script '/home/parichu/mqtt_test/install/mqtt_test/share/mqtt_test/package.zsh'
[5.013s] Level 1:colcon.colcon_core.environment:create_file_with_runtime_dependencies(/home/parichu/mqtt_test/install/mqtt_test/share/colcon-core/packages/mqtt_test)
[5.014s] DEBUG:colcon.colcon_parallel_executor.executor.parallel:closing loop
[5.014s] DEBUG:colcon.colcon_parallel_executor.executor.parallel:loop closed
[5.015s] DEBUG:colcon.colcon_parallel_executor.executor.parallel:run_until_complete finished with '0'
[5.015s] DEBUG:colcon.colcon_core.event_reactor:joining thread
[5.029s] INFO:colcon.colcon_core.plugin_system:Skipping extension 'colcon_notification.desktop_notification.terminal_notifier': Not used on non-Darwin systems
[5.029s] INFO:colcon.colcon_core.plugin_system:Skipping extension 'colcon_notification.desktop_notification.win32': Not used on non-Windows systems
[5.030s] INFO:colcon.colcon_notification.desktop_notification:Sending desktop notification using 'notify2'
[5.060s] DEBUG:colcon.colcon_core.event_reactor:joined thread
[5.061s] INFO:colcon.colcon_core.shell:Creating prefix script '/home/parichu/mqtt_test/install/local_setup.ps1'
[5.063s] INFO:colcon.colcon_core.shell:Creating prefix util module '/home/parichu/mqtt_test/install/_local_setup_util_ps1.py'
[5.066s] INFO:colcon.colcon_core.shell:Creating prefix chain script '/home/parichu/mqtt_test/install/setup.ps1'
[5.068s] INFO:colcon.colcon_core.shell:Creating prefix script '/home/parichu/mqtt_test/install/local_setup.sh'
[5.069s] INFO:colcon.colcon_core.shell:Creating prefix util module '/home/parichu/mqtt_test/install/_local_setup_util_sh.py'
[5.070s] INFO:colcon.colcon_core.shell:Creating prefix chain script '/home/parichu/mqtt_test/install/setup.sh'
[5.073s] INFO:colcon.colcon_core.shell:Creating prefix script '/home/parichu/mqtt_test/install/local_setup.bash'
[5.074s] INFO:colcon.colcon_core.shell:Creating prefix chain script '/home/parichu/mqtt_test/install/setup.bash'
[5.076s] INFO:colcon.colcon_core.shell:Creating prefix script '/home/parichu/mqtt_test/install/local_setup.zsh'
[5.077s] INFO:colcon.colcon_core.shell:Creating prefix chain script '/home/parichu/mqtt_test/install/setup.zsh'
